1502375316.515584 client started (86913): socket /private/tmp/tmux-501/default, protocol 8
1502375316.515652 on Darwin 15.6.0 Darwin Kernel Version 15.6.0: Mon Jan  9 23:07:29 PST 2017; root:xnu-3248.60.11.2.1~1/RELEASE_X86_64; libevent 2.0.22-stable (select)
1502375316.515684 socket is /private/tmp/tmux-501/default
1502375316.515700 trying connect
1502375316.515783 add peer 0x7f8e43000000: 6 (0x0)
1502375316.517022 sending message 100 to peer 0x7f8e43000000 (4 bytes)
1502375316.517036 sending message 101 to peer 0x7f8e43000000 (15 bytes)
1502375316.517041 sending message 102 to peer 0x7f8e43000000 (13 bytes)
1502375316.517044 sending message 108 to peer 0x7f8e43000000 (24 bytes)
1502375316.517051 sending message 104 to peer 0x7f8e43000000 (0 bytes)
1502375316.517054 sending message 107 to peer 0x7f8e43000000 (4 bytes)
1502375316.517058 sending message 105 to peer 0x7f8e43000000 (60 bytes)
1502375316.517061 sending message 105 to peer 0x7f8e43000000 (66 bytes)
1502375316.517064 sending message 105 to peer 0x7f8e43000000 (76 bytes)
1502375316.517068 sending message 105 to peer 0x7f8e43000000 (15 bytes)
1502375316.517071 sending message 105 to peer 0x7f8e43000000 (22 bytes)
1502375316.517074 sending message 105 to peer 0x7f8e43000000 (14 bytes)
1502375316.517077 sending message 105 to peer 0x7f8e43000000 (17 bytes)
1502375316.517081 sending message 105 to peer 0x7f8e43000000 (28 bytes)
1502375316.517084 sending message 105 to peer 0x7f8e43000000 (15 bytes)
1502375316.517087 sending message 105 to peer 0x7f8e43000000 (24 bytes)
1502375316.517090 sending message 105 to peer 0x7f8e43000000 (28 bytes)
1502375316.517094 sending message 105 to peer 0x7f8e43000000 (23 bytes)
1502375316.517097 sending message 105 to peer 0x7f8e43000000 (212 bytes)
1502375316.517100 sending message 105 to peer 0x7f8e43000000 (20 bytes)
1502375316.517103 sending message 105 to peer 0x7f8e43000000 (20 bytes)
1502375316.517107 sending message 105 to peer 0x7f8e43000000 (57 bytes)
1502375316.517110 sending message 105 to peer 0x7f8e43000000 (13 bytes)
1502375316.517113 sending message 105 to peer 0x7f8e43000000 (19 bytes)
1502375316.517116 sending message 105 to peer 0x7f8e43000000 (16 bytes)
1502375316.517119 sending message 105 to peer 0x7f8e43000000 (61 bytes)
1502375316.517123 sending message 105 to peer 0x7f8e43000000 (38 bytes)
1502375316.517126 sending message 105 to peer 0x7f8e43000000 (8 bytes)
1502375316.517129 sending message 105 to peer 0x7f8e43000000 (22 bytes)
1502375316.517132 sending message 105 to peer 0x7f8e43000000 (30 bytes)
1502375316.517136 sending message 105 to peer 0x7f8e43000000 (22 bytes)
1502375316.517141 sending message 105 to peer 0x7f8e43000000 (11 bytes)
1502375316.517144 sending message 105 to peer 0x7f8e43000000 (8 bytes)
1502375316.517147 sending message 105 to peer 0x7f8e43000000 (21 bytes)
1502375316.517151 sending message 105 to peer 0x7f8e43000000 (32 bytes)
1502375316.517154 sending message 105 to peer 0x7f8e43000000 (11 bytes)
1502375316.517157 sending message 105 to peer 0x7f8e43000000 (30 bytes)
1502375316.517160 sending message 105 to peer 0x7f8e43000000 (43 bytes)
1502375316.517163 sending message 105 to peer 0x7f8e43000000 (16 bytes)
1502375316.517167 sending message 105 to peer 0x7f8e43000000 (28 bytes)
1502375316.517170 sending message 105 to peer 0x7f8e43000000 (46 bytes)
1502375316.517173 sending message 105 to peer 0x7f8e43000000 (42 bytes)
1502375316.517176 sending message 105 to peer 0x7f8e43000000 (325 bytes)
1502375316.517179 sending message 105 to peer 0x7f8e43000000 (61 bytes)
1502375316.517183 sending message 105 to peer 0x7f8e43000000 (55 bytes)
1502375316.517186 sending message 105 to peer 0x7f8e43000000 (25 bytes)
1502375316.517189 sending message 105 to peer 0x7f8e43000000 (18 bytes)
1502375316.517192 sending message 105 to peer 0x7f8e43000000 (30 bytes)
1502375316.517195 sending message 105 to peer 0x7f8e43000000 (18 bytes)
1502375316.517198 sending message 105 to peer 0x7f8e43000000 (22 bytes)
1502375316.517202 sending message 105 to peer 0x7f8e43000000 (17 bytes)
1502375316.517205 sending message 105 to peer 0x7f8e43000000 (15 bytes)
1502375316.517227 sending message 106 to peer 0x7f8e43000000 (0 bytes)
1502375316.517234 sending message 200 to peer 0x7f8e43000000 (4 bytes)
1502375316.517237 client loop enter
1502375316.525834 peer 0x7f8e43000000 message 207
1502375316.525858 sending message 208 to peer 0x7f8e43000000 (0 bytes)
1502375350.329376 peer 0x7f8e43000000 message 203
1502375350.329396 sending message 205 to peer 0x7f8e43000000 (0 bytes)
1502375350.330025 peer 0x7f8e43000000 message 204
1502375350.330042 client loop exit
